0.815545 116
13.633720 30
0.709646 1
0.000158 42
1.236913 2
0.000025 9
0.122823 116
1.995925 1
0.103515 1
0.232006 1
0.299345 1
2.414322 1
0.275208 1
0.163975 1
0.047355 1
0.315806 1
0.253731 1
0.054229 1
0.217079 1
0.064299 1
0.378735 2
0.000050 9
0.124648 54
0.000032 152
0.000072 165
0.000020 33
0.000050 213
0.000044 30
0.000060 129
0.000052 15
0.000050 37
0.000016 5
0.000020 3
0.000044 190
0.000020 37
0.000019 74
0.000036 74
0.000021 74
0.000043 152
0.000048 15
0.000039 190
0.000017 37
0.000019 74
0.000016 38
0.000022 43
0.000019 53
0.000019 74
0.000037 265
0.000020 5
0.000140 80
0.000066 55
0.000081 64
2.259385 7
0.000350 7
0.000069 153
0.000054 37
0.000017 37
0.000057 37
0.000019 37
0.000052 37
0.000024 37
0.000043 37
0.000038 37
0.000039 74
0.000069 37
0.000019 37
0.000046 37
0.000044 37
0.000039 75
0.000052 37
0.000020 38
0.000050 37
0.000039 38
0.000037 75
0.000064 37
0.000024 38
0.000059 37
0.000055 75
0.000037 38
0.000034 37
0.000020 38
0.000046 75
0.000060 37
0.000037 38
0.000036 75
0.000062 37
0.000018 38
0.000050 37
0.000036 38
0.000036 37
0.000019 38
0.000035 37
0.000063 38
0.000054 37
0.000019 38
0.000041 37
0.000039 38
0.000038 37
0.000019 38
0.000048 37
0.000019 38
0.000047 37
0.000019 38
0.000044 37
0.000017 38
0.000053 37
0.000019 38
0.000054 37
0.000034 38
0.000084 151
0.000145 31
0.000162 6
0.000041 125
0.000201 8
0.000021 8
0.000083 31
0.000022 7
0.000075 7
0.000044 153
0.000047 37
0.000033 37
0.000036 37
0.000019 37
0.000042 37
0.000016 37
0.000061 37
0.000019 37
0.000047 37
0.000037 37
0.000037 74
0.000063 37
0.000036 37
0.000037 37
0.000043 38
0.000037 75
0.000065 37
0.000014 38
0.000059 37
0.000036 38
0.000036 75
0.000067 37
0.000035 38
0.000036 75
0.000066 37
0.000017 38
0.000038 39
0.000039 43
0.000035 54
0.000045 37
0.000016 38
0.000065 37
0.000015 38
0.000047 37
0.000018 38
0.000054 37
0.000038 38
0.000037 75
0.000063 37
0.000035 38
0.000041 37
0.000018 38
0.000053 37
0.000019 38
0.000048 37
0.000027 38
0.000047 37
0.000019 38
0.000045 37
0.000016 38
0.000057 37
0.000020 38
0.000050 75
0.000045 37
0.000028 38
0.000086 138
0.000020 135
0.000089 71
0.000017 130
1.159290 6
0.000024 83
0.000098 72
0.000097 59
0.000078 58
0.000090 52
0.000093 58
0.000084 49
0.000079 47
0.000090 70
0.000070 4
0.000040 55
0.000134 33
0.000101 69
0.005707 5
0.000067 8
0.000082 50
0.017169 194
0.000022 28
0.000083 282
0.000040 43
0.000034 136
0.000084 144
0.000041 159
0.000045 34
0.000024 167
0.000035 82
0.000018 111
0.000019 34
0.000032 68
0.000019 34
0.000019 67
0.000016 13
0.000036 97
0.000039 32
0.000044 7
0.000065 31
0.001358 13
0.000056 9
0.001482 72
0.000044 134
0.000037 108
0.000016 26
0.000021 54
0.000020 79
0.000044 135
0.000043 79
0.000021 144
0.000048 67
0.000041 7
0.000051 12
0.863353 14
0.000072 59
0.000061 112
0.000099 7
0.000060 7
0.005471 14
0.000100 15
0.000056 56
0.000070 67
0.000075 7
0.000053 7
0.005482 14
0.000058 15
0.000046 42
0.000059 67
0.000073 7
0.000050 7
0.004308 14
0.000106 15
0.000026 44
0.000056 45
0.000017 67
0.000103 7
0.000052 7
0.003585 73
0.000089 79
0.000040 7
0.000038 7
0.004221 71
0.000026 67
0.000043 7
0.000076 7
0.005409 29
0.000055 104
0.000065 7
0.000045 7
6.858928 1
1.211791 1
6.143663 1
0.351187 1
0.171569 6
0.000048 92
0.000067 15
0.000073 12
1.156868 1
0.183640 1
0.087741 1
1.849768 6
0.000072 9
0.000057 62
0.043836 82
0.000139 109
0.000047 6
0.000037 46
0.000127 6
0.001312 6
0.000040 7
0.000033 9
0.000951 6
0.001436 22
0.000397 6
0.178692 22
0.000136 6
0.002135 22
0.000894 6
0.000648 5
0.000033 8
0.000043 54
0.000273 15
0.000094 6
0.000050 8
0.017211 144
0.000117 29
0.000021 30
0.001387 118
0.000043 12
2.588849 1
0.183723 6
0.000083 8
1.003470 32
0.002954 163
0.000017 11
0.000117 14
0.000068 6
0.000096 6
0.000018 6
4.587128 1
0.215311 1
0.166456 1
0.247768 1
0.232682 1
0.209555 6
0.000020 9
0.000023 17
0.000134 6
4.675880 70
0.000079 144
0.000051 77
0.000044 9
0.000062 7
0.000077 7
0.000028 9
0.000018 9
0.000044 6
0.000046 7
0.004923 13
0.000048 15
0.000015 41
0.000075 54
0.000016 23
0.000017 9
0.000064 7
0.000072 7
0.000015 9
0.000034 9
0.000017 6
0.000049 7
0.004862 13
0.000052 57
0.000052 57
0.000058 54
0.000015 23
0.000037 9
0.000037 7
0.000080 7
0.000015 9
0.000018 9
0.000040 6
0.000041 7
0.004286 13
0.000038 57
0.000048 54
0.000022 17
0.000037 37
0.000023 23
0.000031 9
0.000034 7
0.000062 7
0.000024 9
0.000019 9
0.000017 6
0.000040 7
0.003496 13
0.000026 57
0.000035 55
0.000047 54
0.000022 23
0.000018 9
0.000029 7
0.000074 16
0.000031 9
0.000009 6
0.000033 7
0.003434 28
0.000038 42
0.000036 55
0.000043 54
0.000028 32
0.000049 7
0.000063 7
0.000015 9
0.000041 15
0.000037 7
46.205542 1
0.528384 6
0.000078 8
0.003912 8
0.000026 23
0.003210 22
0.000069 55
0.000114 172
0.000283 32
0.663126 1
1.096732 6
0.000083 8
0.003577 29
0.001270 33
0.002018 27
0.000063 73
0.000020 12
0.000052 135
0.000058 63
0.000061 120
0.000075 73
0.000036 80
0.000037 119
0.000031 46
0.000043 68
0.000037 52
0.000048 67
0.000048 44
0.000036 15
0.000038 100
0.000039 52
0.000035 18
0.000031 10
0.000044 44
0.000029 10
0.000043 27
0.000013 10
0.000039 22
0.000038 37
0.000037 10
0.000014 22
0.000028 18
0.000035 33
0.000077 7
0.000044 21
0.000089 6
0.000033 6
0.911219 1
0.168854 6
0.000078 8
0.002497 13
0.000055 51
0.000244 7
0.000047 44
0.000075 29
0.000044 30
0.000155 15
0.000036 26
0.000061 19
0.000022 9
0.000050 16
0.000027 20
0.000041 16
0.000019 27
0.000052 22
0.000044 18
0.000046 26
0.000023 18
0.000039 25
0.000049 17
0.000058 29
0.000018 8
0.000052 31
0.000753 60
0.000028 20
0.000057 44
0.000076 7
0.000086 9
0.000158 6
0.000120 6
0.898303 1
0.087378 6
0.000077 8
0.000095 29
0.000077 6
0.000076 8
0.000096 6
1.384047 1
0.102793 32
0.025816 116
2.983080 11
0.000057 6
