0.213136 116
7.218780 30
0.795100 43
0.500975 1
0.043688 1
0.029863 1
0.030884 1
0.029797 1
0.030244 1
0.045962 1
0.029499 1
0.396498 1
0.589539 5
0.120333 5
0.297183 2
0.000024 9
0.100199 116
2.930304 22
0.858314 1
0.000125 26
0.357382 2
0.000089 9
0.128372 54
0.000038 7
0.000022 126
0.000016 65
0.000024 65
0.000056 65
0.000016 65
0.000019 65
0.000020 32
0.000016 33
0.000019 65
0.000015 32
0.000015 34
0.000019 32
0.000017 34
0.000019 66
0.000017 114
0.000019 14
0.000049 30
0.000087 111
0.000021 15
0.000052 37
0.000051 6
0.000023 137
0.000040 73
0.000023 36
0.000019 37
0.000020 73
0.000015 36
0.000019 37
0.000017 36
0.000015 37
0.000018 36
0.000015 37
0.000019 36
0.000020 37
0.000020 74
0.000015 36
0.000020 38
0.000044 207
0.000074 15
0.000046 207
0.000066 146
0.000050 146
0.000025 133
0.000046 73
0.000017 74
0.000036 36
0.000037 38
0.000015 36
0.000036 157
0.000040 109
0.000039 6
0.000146 82
0.000062 55
0.000053 83
0.000035 72
0.000019 59
0.000043 58
0.000078 64
1.414982 7
0.000277 7
0.000064 134
0.000064 73
0.000052 73
0.000059 36
0.000047 37
0.000039 73
0.000046 36
0.000019 37
0.000052 36
0.000018 37
0.000050 36
0.000018 37
0.000040 36
0.000019 38
0.000049 36
0.000019 38
0.000052 36
0.000019 38
0.000032 36
0.000018 38
0.000059 36
0.000019 38
0.000031 36
0.000018 38
0.000053 36
0.000020 38
0.000048 36
0.000019 38
0.000034 36
0.000019 38
0.000043 36
0.000017 38
0.000033 36
0.000017 38
0.000055 36
0.000019 38
0.000050 36
0.000019 38
0.000047 36
0.000018 38
0.000091 74
0.000050 74
0.000043 74
0.000076 74
0.000059 74
0.000055 74
0.000039 74
0.000079 132
0.000116 31
0.000142 6
0.000029 105
0.000140 8
0.000015 8
0.000059 31
0.000026 7
0.000062 7
0.000043 134
0.000051 36
0.000013 37
0.000059 73
0.000047 36
0.000028 37
0.000030 36
0.000015 37
0.000051 36
0.000015 37
0.000053 36
0.000017 37
0.000049 36
0.000015 37
0.000047 36
0.000028 38
0.000035 36
0.000015 38
0.000050 36
0.000015 38
0.000046 36
0.000049 38
0.000016 74
0.000056 36
0.000023 38
0.000039 36
0.000030 77
0.000045 42
0.000024 54
0.000106 36
0.000014 74
0.000012 38
0.000046 36
0.000015 38
0.000047 36
0.000026 38
0.000041 36
0.000015 38
0.000056 36
0.000029 38
0.000034 36
0.000024 38
0.000040 36
0.000016 38
0.000047 36
0.000016 38
0.000049 36
0.000015 38
0.000049 36
0.000015 38
0.000048 36
0.000014 38
0.000050 36
0.000012 38
0.000043 119
0.000066 110
0.000066 6
0.000135 5
0.000040 66
0.000027 66
0.000034 83
0.000025 72
0.000025 59
0.000033 58
0.000015 64
0.225500 7
0.000216 7
0.000125 207
0.000021 73
0.000051 36
0.000048 73
0.000065 37
0.000022 73
0.000072 73
0.000058 36
0.000016 37
0.000046 74
0.000056 36
0.000020 38
0.000035 36
0.000011 38
0.000059 74
0.000056 36
0.000020 38
0.000036 36
0.000019 38
0.000037 36
0.000019 38
0.000037 36
0.000020 38
0.000037 36
0.000018 38
0.000037 36
0.000024 38
0.000044 74
0.000047 74
0.000045 36
0.000017 38
0.000017 36
0.000039 38
0.000046 74
0.000047 36
0.000021 38
0.000043 74
0.000052 36
0.000046 38
0.000043 74
0.000049 36
0.000020 38
0.000060 36
0.000020 38
0.000044 74
0.000063 36
0.000026 38
0.000039 119
0.000019 69
0.000036 83
0.000032 72
0.000039 59
0.000012 58
0.000061 67
0.000108 31
0.000104 6
0.000018 105
0.000118 8
0.000019 8
0.000053 31
0.000019 7
0.000055 7
0.000041 134
0.000041 73
0.000049 36
0.000012 37
0.000050 36
0.000019 37
0.000035 73
0.000061 36
0.000019 37
0.000072 36
0.000018 37
0.000038 73
0.000048 74
0.000063 36
0.000019 38
0.000035 74
0.000060 36
0.000018 38
0.000039 36
0.000020 38
0.000035 36
0.000019 38
0.000037 36
0.000019 38
0.000036 36
0.000025 38
0.000016 39
0.000042 96
0.000046 74
0.000072 36
0.000019 38
0.000037 36
0.000019 38
0.000038 36
0.000019 38
0.000037 74
0.000047 74
0.000061 36
0.000019 38
0.000032 36
0.000017 38
0.000048 36
0.000017 38
0.000039 74
0.000046 36
0.000017 38
0.000036 74
0.000057 36
0.000019 38
0.000033 36
0.000017 38
0.000036 119
0.000019 103
0.000036 89
0.000031 72
0.000059 117
0.000053 72
0.000044 6
0.000101 5
0.000043 4
0.000037 66
0.000060 68
2.147982 6
0.000027 52
0.000084 58
0.000069 49
0.000068 47
0.000083 70
0.000059 4
0.000108 55
0.000021 33
0.000078 69
0.005590 5
0.000066 8
0.000046 50
0.020148 53
0.000022 73
0.000043 191
0.000053 232
0.000055 95
0.000046 87
0.000020 30
0.000072 303
0.000014 47
0.000043 133
0.000046 187
0.000024 30
0.000020 82
0.000044 145
0.000057 144
0.000028 101
0.000032 80
0.000031 153
0.000055 15
0.000023 28
0.000075 24
0.000014 6
0.001514 40
0.000027 30
0.000061 25
0.000021 18
0.000058 8
0.003152 30
0.000077 175
0.000021 53
0.000019 79
0.000044 107
0.000020 26
0.000036 109
0.000017 24
0.000041 76
0.000038 50
0.000062 17
0.000021 20
0.000020 8
0.000040 12
0.786389 29
0.000066 15
0.000062 30
0.000059 53
0.000042 44
0.000021 67
0.000098 7
0.000018 10
0.000040 10
0.000021 18
0.000080 7
0.004440 14
0.000078 29
0.000058 30
0.000066 53
0.000045 11
0.000055 67
0.000078 16
0.000044 20
0.000040 8
0.000043 7
0.003093 28
0.000024 14
0.000032 20
0.000033 19
0.000010 44
0.000050 124
0.000064 15
0.000032 20
0.000028 8
0.000033 7
0.005427 14
0.000012 14
0.000012 14
0.000052 30
0.000028 9
0.000033 55
0.000036 67
0.000049 15
0.000028 20
0.000027 8
0.000042 7
0.005438 14
0.000043 28
0.000062 30
0.000043 53
0.000044 169
0.000056 15
0.000030 20
0.000029 8
0.000034 7
0.004760 14
0.000043 28
0.000051 30
0.000062 62
0.000049 53
0.000013 67
0.000079 15
0.000033 20
0.000032 13
0.000048 7
0.004817 14
0.000048 28
0.000079 30
0.000050 19
0.000020 44
0.000057 174
0.000072 15
0.000016 10
0.000016 10
0.000046 18
0.000042 7
0.005170 14
0.000030 28
0.000062 30
0.000051 19
0.000049 105
0.000021 67
0.000075 15
0.000018 10
0.000017 10
0.000022 10
0.000020 13
0.000057 7
0.004583 28
0.000049 30
0.000054 20
0.000073 63
0.000017 67
0.000067 16
0.000044 30
0.000021 8
0.000066 7
0.004747 44
0.000037 20
0.000043 52
0.000048 78
0.000059 17
0.000043 28
0.000053 7
0.004689 44
0.000020 20
0.000060 49
0.000016 67
0.000082 17
0.000053 20
0.000015 8
0.000046 7
0.004186 14
0.000051 30
0.000054 10
0.000021 18
0.000045 41
0.000017 67
0.000072 17
0.000041 20
0.000038 8
0.000034 7
0.004415 29
0.000034 15
0.000061 28
0.000056 103
0.000058 17
0.000017 10
0.000015 10
0.000046 8
0.000019 7
0.005483 14
0.000035 14
0.000020 15
0.000064 28
0.000051 103
0.000074 16
0.000024 10
0.000021 18
0.000057 7
0.005349 28
0.000082 24
0.000017 10
0.000018 8
0.000055 52
0.000021 51
0.000067 15
0.000062 28
0.000051 7
0.004679 14
0.000021 14
0.000068 24
0.000057 18
0.000056 103
0.000068 15
0.000043 20
0.000018 8
0.000046 7
0.004302 14
0.000018 14
0.000077 24
0.000016 10
0.000039 8
0.000044 103
0.000085 15
0.000038 20
0.000014 8
0.000051 7
0.004483 14
0.000036 14
0.000015 14
0.000074 20
0.000049 8
0.000040 52
0.000016 51
0.000076 15
0.000036 20
0.000033 8
0.000035 7
0.005221 28
0.000035 14
0.000037 20
0.000039 8
0.000084 52
0.000013 51
0.000035 15
0.000025 20
0.000030 8
0.000032 7
0.004783 14
0.000021 14
0.000012 14
0.000030 10
0.000041 18
0.000053 89
0.000037 14
0.000045 15
0.000044 28
0.000053 7
0.081475 14
0.000041 14
0.000053 25
0.000035 8
0.000036 52
0.000038 51
0.000086 16
0.000040 18
0.000053 7
0.004827 14
0.000049 15
0.000041 15
0.000042 8
0.000039 103
0.000083 17
0.000038 8
0.000037 7
0.004746 44
0.000070 60
0.000025 51
0.000076 7
0.000024 18
0.000052 7
0.005032 52
0.000056 103
0.000061 17
0.000019 8
0.000046 7
0.005181 44
0.000040 60
0.000064 51
0.000038 7
0.000058 18
0.000036 7
0.004649 14
0.000058 30
0.000055 8
0.000067 103
0.000074 17
0.000035 8
0.000048 7
0.004999 44
0.000069 60
0.000038 51
0.000066 7
0.000020 18
0.000055 7
0.004646 43
0.000020 8
0.000055 103
0.000066 16
0.000092 8
0.000019 7
0.004671 43
0.000050 8
0.000015 52
0.000020 51
0.000079 16
0.000052 8
0.000021 7
0.004580 42
0.000049 8
0.000053 103
0.000068 15
0.000053 8
0.000020 7
0.004716 42
0.000071 60
0.000021 51
0.000072 15
0.000062 15
0.004736 42
0.000040 8
0.000057 103
0.000065 6
0.000016 9
0.000048 8
0.000019 7
0.004688 42
0.000074 111
0.000082 15
0.000057 8
0.000019 7
0.005715 42
0.000029 8
0.000028 103
0.000087 15
0.000082 15
1.576112 7
0.001352 219
0.000118 210
0.000052 107
0.000045 27
0.000042 122
0.000051 80
0.000044 106
0.000043 27
0.000052 12
0.000025 53
0.000016 27
0.000048 12
0.000017 53
0.000040 26
0.000054 53
0.000037 26
0.000019 54
0.000048 75
0.000056 75
0.000088 75
0.000051 75
0.000061 75
0.000060 37
0.000019 38
0.000054 37
0.000017 38
0.000054 37
0.000017 38
0.000048 37
0.000016 38
0.000048 37
0.000016 38
0.000049 37
0.000016 38
0.000053 37
0.000016 38
0.000044 37
0.000016 38
0.000048 37
0.000016 38
0.000050 37
0.000018 38
0.000048 37
0.000016 38
0.000048 37
0.000016 38
0.000049 37
0.000016 38
0.000050 37
0.000015 38
0.000048 37
0.000016 38
0.000048 37
0.000016 38
0.000048 37
0.000017 38
0.000045 138
0.000037 102
0.000015 61
0.000071 83
0.000017 72
0.000037 59
0.000034 58
0.000036 70
0.000017 52
0.000040 58
0.000017 49
0.000038 47
0.000016 71
0.000044 55
0.000019 28
0.000042 69
0.000042 61
0.000135 6
0.000018 8
0.000094 8
0.000018 56
0.001178 6
0.000017 25
0.000082 14
0.000043 7
0.000039 7
0.000050 212
0.000071 201
0.000051 54
0.000041 80
0.000221 439
0.000040 53
0.000063 26
0.000087 79
0.000034 91
0.000033 38
0.000044 37
0.000017 38
0.000049 75
0.000065 37
0.000017 38
0.000044 37
0.000016 38
0.000050 37
0.000015 38
0.000048 37
0.000016 38
0.000054 37
0.000016 38
0.000042 37
0.000016 38
0.000048 37
0.000016 38
0.000048 37
0.000015 38
0.000056 37
0.000016 38
0.000040 37
0.000016 38
0.000049 37
0.000015 38
0.000047 37
0.000016 38
0.000047 37
0.000016 38
0.000046 37
0.000015 38
0.000048 37
0.000016 38
0.000047 37
0.000015 38
0.000049 37
0.000015 38
0.000048 37
0.000013 38
0.000050 37
0.000016 38
0.000042 138
0.000047 122
0.000017 61
0.000040 83
0.000042 72
0.000017 59
0.000036 58
0.000040 70
0.000017 52
0.000045 58
0.000014 49
0.000037 47
0.000036 71
0.000044 83
0.000047 69
0.000039 61
0.000056 6
0.000069 7
0.673374 71
0.000055 12
0.000056 53
0.000088 32
0.000076 14
0.000072 7
0.004824 28
0.000021 43
0.000062 58
0.000019 53
0.000098 32
0.000082 6
0.000019 8
0.000057 7
0.003665 13
0.000016 15
0.000057 55
0.000037 53
0.000066 32
0.000060 6
0.000015 8
0.000045 7
0.005043 116
0.000045 53
0.000067 32
0.000083 14
0.000037 7
0.004542 28
0.000038 43
0.000031 12
0.000051 53
0.000054 32
0.000059 14
0.000056 7
0.004679 13
0.000030 58
0.000064 20
0.000019 53
0.000070 32
0.000063 14
0.000067 7
0.004611 13
0.000025 15
0.000020 43
0.000050 46
0.000016 54
0.000070 32
0.000081 15
0.000038 7
0.004838 28
0.000053 55
0.000056 54
0.000064 32
0.000073 7
0.000016 8
0.000040 7
0.004861 160
0.000060 54
0.000053 32
0.000100 15
0.000053 7
0.004866 13
0.000029 15
0.000017 43
0.000044 60
0.000061 54
0.000052 32
0.000058 15
0.000053 7
0.004801 70
0.000052 54
0.000064 32
0.000068 15
0.000055 7
0.005214 13
0.000028 15
0.000020 43
0.000042 53
0.000054 54
0.000049 32
0.000063 7
0.000018 8
0.000048 7
0.004247 13
0.000032 58
0.000058 174
0.000048 22
0.000043 20
0.000074 6
0.000020 18
0.000062 7
0.011836 13
0.000024 58
0.000069 216
0.000021 22
0.000048 22
0.000040 20
0.000055 14
0.000046 18
0.000042 7
0.004937 28
0.000032 43
0.000042 12
0.000020 53
0.000016 22
0.000052 22
0.000045 20
0.000065 6
0.000017 18
0.000037 8
0.000039 7
0.004574 13
0.000012 15
0.000065 175
0.000045 53
0.000018 22
0.000052 22
0.000016 20
0.000076 6
0.000015 8
0.000022 10
0.000036 8
0.000036 7
0.004427 145
0.000057 22
0.000021 20
0.000059 14
0.000043 18
0.000038 7
0.004783 28
0.000024 43
0.000039 118
0.000019 75
0.000058 22
0.000038 20
0.000051 14
0.000045 18
0.000040 7
0.005521 28
0.000048 42
0.000017 53
0.000035 22
0.000036 22
0.000035 20
0.000045 14
0.000046 18
0.000036 7
0.005831 13
0.000020 15
0.000036 43
0.000038 56
0.000038 76
0.000059 22
0.000044 20
0.000057 15
0.000040 18
0.000043 7
0.295666 14
0.000058 31
0.000097 22
0.000022 9
0.000110 104
0.000064 6
0.000015 8
0.000017 10
0.000017 8
0.000069 7
0.005253 14
0.000085 31
0.000096 22
0.000022 9
0.000109 53
0.000018 51
0.000039 14
0.000047 10
0.000016 8
0.000055 7
0.005080 28
0.000033 17
0.000050 22
0.000048 9
0.000055 53
0.000021 51
0.000121 14
0.000036 18
0.000060 7
0.003255 45
0.000029 22
0.000063 62
0.000016 51
0.000074 14
0.000046 18
0.000048 7
0.004626 28
0.000025 17
0.000042 22
0.000065 62
0.000019 51
0.000069 14
0.000015 10
0.000028 8
0.000035 7
0.005260 14
0.000031 14
0.000015 17
0.000057 22
0.000045 9
0.000043 53
0.000027 51
0.000071 6
0.000028 18
0.000027 8
0.000039 7
0.012528 43
0.000048 9
0.000022 90
0.000016 14
0.000087 6
0.000047 18
0.000048 7
0.004046 29
0.000021 14
0.000065 104
0.000065 15
0.000063 7
0.005150 14
0.000095 29
0.000059 53
0.000017 51
0.000081 7
0.000019 8
0.000046 7
0.005130 14
0.000054 15
0.000053 14
0.000086 104
0.000056 15
0.000059 7
0.004967 14
0.000053 15
0.000058 14
0.000078 104
0.000057 15
0.000055 7
0.004663 14
0.000068 15
0.000060 14
0.000064 104
0.000062 15
0.000060 7
0.004893 14
0.000291 155
1.294702 13
0.000044 15
0.000047 43
0.000029 12
0.000067 54
0.000076 32
0.000081 7
0.000017 8
0.000064 7
0.005249 71
0.000033 89
0.000056 54
0.000060 32
0.000070 7
0.000007 8
0.000048 7
0.004787 13
0.000030 15
0.000031 43
0.000033 60
0.000049 54
0.000061 32
0.000073 7
0.000007 8
0.000049 7
0.004898 13
0.000006 15
0.000041 42
0.000037 54
0.000039 32
0.000051 7
0.000006 8
0.000034 7
0.005009 13
0.000026 58
0.000041 53
0.000040 54
0.000048 32
0.000053 7
0.000010 8
0.000037 7
0.004394 245
0.000053 22
0.000033 20
0.000067 6
0.000020 10
0.000011 8
0.000047 7
2.480098 1
0.958969 1
0.827302 1
0.060123 1
1.011049 6
0.000085 9
0.000047 83
0.000102 7
0.000014 8
0.000132 12
1.445963 1
0.207776 1
0.088470 1
0.271696 6
0.000074 9
0.000046 62
0.041136 200
0.000025 103
0.000082 411
0.000017 40
0.000015 10
0.000049 18
0.000015 81
0.000014 18
0.000055 158
0.000056 209
0.000041 141
0.000019 158
0.000037 83
0.000015 10
0.000020 82
0.000036 111
0.000057 81
0.000022 21
0.000016 55
0.000016 21
0.000034 80
0.000018 21
0.000032 93
0.000018 21
0.000040 138
0.000036 16
0.000023 17
0.000017 10
0.000018 3
0.000067 52
0.000199 6
0.001527 21
0.000027 55
0.000047 16
0.000022 17
0.000055 9
0.000914 6
0.001640 21
0.000026 55
0.000064 16
0.000018 17
0.000063 9
0.003004 6
0.180659 109
0.000110 9
0.000125 6
0.002305 101
0.000024 8
0.000074 9
0.000810 6
0.003574 67
0.000583 10
0.000101 6
0.000031 8
0.018600 85
0.000157 59
0.001147 14
0.000030 35
0.000053 22
0.000023 225
0.000045 54
0.000068 204
0.000020 82
0.000050 147
0.000021 82
0.000065 146
0.000021 80
0.000044 75
0.000082 75
0.000024 225
0.000041 75
0.000016 75
0.000016 23
0.000020 67
0.000056 14
0.000022 20
0.000018 13
0.000062 12
2.598714 1
4.906125 1
0.000019 2
0.748533 1
0.169372 1
1.407397 1
0.086938 1
0.183747 1
0.048856 1
0.182998 1
0.233076 1
0.254969 1
0.064058 1
0.209786 1
0.344651 14
0.001070 25
0.000031 6
4.717323 1
0.131814 1
0.227581 1
0.168607 1
0.119030 1
0.153059 6
0.000093 9
0.000021 17
0.000098 6
31.546445 1
0.192305 1
0.310086 1
0.127580 1
0.760402 1
0.120402 1
0.170047 1
0.228482 1
0.257030 1
0.079518 1
0.297130 1
0.338064 6
0.000090 8
0.001572 13
0.000078 13
0.000067 6
23.685021 1
0.207350 6
0.000085 8
0.004299 31
0.002718 43
0.000038 26
0.000082 236
0.000095 6
0.000024 8
0.000016 9
0.000052 16
0.000100 6
0.000018 6
1.570071 1
0.127384 6
0.000089 8
0.003179 31
0.002126 23
0.000024 51
0.000081 55
0.000083 167
0.000047 14
0.000048 25
0.000078 12
1.442201 1
0.167719 6
0.000070 8
0.003230 31
0.002587 6
0.000036 17
0.000063 30
0.000020 26
0.000051 123
0.000059 105
0.000077 6
0.000016 8
0.000053 19
0.000016 7
0.000047 6
0.000093 6
0.000020 6
1.049965 1
0.183330 6
0.000059 8
0.003135 32
0.002720 45
0.000021 34
0.000070 103
0.000104 14
0.000078 19
0.000068 13
0.000107 12
0.497288 1
0.153334 6
0.000086 8
0.003955 13
0.000068 183
0.000639 5
0.000075 10
0.000048 128
0.000124 5
0.000075 10
0.000041 48
0.001347 71
0.000211 15
0.000019 20
0.000009 11
0.000030 26
0.000020 17
0.000027 38
0.000029 25
0.000036 52
0.000033 33
0.000028 28
0.000035 43
0.000026 22
0.000025 28
0.000021 22
0.000028 36
0.000026 11
0.000009 17
0.000031 31
0.000053 12
5.136955 1
0.333623 6
0.000083 8
0.000238 5
0.000071 9
0.000055 37
0.000016 49
0.000048 22
4.025704 7
0.002075 7
0.000045 185
0.000064 74
0.000058 137
0.000044 74
0.000054 74
0.000066 37
0.000020 61
0.000053 30
0.000101 5
0.000021 124
0.000194 18
0.000055 37
0.000039 7
0.000051 223
0.000051 43
0.000020 53
0.000036 137
0.000024 121
0.000057 53
0.000020 37
0.000049 37
0.000020 62
0.000039 5
0.000068 4
0.000020 5
0.000052 58
0.000037 25
0.465014 7
0.002033 7
0.000067 185
0.000093 74
0.000029 37
0.000020 37
0.000090 74
0.000064 74
0.000051 151
0.000058 7
0.000018 23
0.000214 5
0.000025 124
0.000242 18
0.000067 30
0.000040 14
0.000079 185
0.000048 37
0.000018 37
0.000048 37
0.000015 37
0.000018 38
0.000062 96
0.000056 37
0.000030 37
0.000029 137
0.000033 128
0.000047 5
0.000085 6
0.000032 49
0.000030 22
16.631249 1
0.583623 1
0.000032 7
0.000016 31
0.000056 27
0.000188 6
0.000020 5
0.000046 56
0.000036 22
0.657098 1
0.078857 32
0.020698 116
17.294550 1
0.154387 1
0.109590 1
0.206036 1
0.104410 1
0.142967 1
0.258276 1
0.901879 1
0.039592 1
0.171988 1
0.164994 1
0.168300 1
0.233098 1
0.128945 1
0.035774 1
0.209121 1
0.066898 1
0.214992 2
0.000065 9
0.104322 116
6.510938 1
0.063753 1
0.167391 1
0.065216 1
0.231188 1
0.063775 1
1.048718 2
0.000068 9
2.015508 8
0.000026 108
43.706116 112
17.983388 11
0.000053 6
