0.215530 116
1.014761 1
0.145867 1
0.195007 1
0.225079 1
0.092341 1
0.176425 1
0.493211 1
0.494357 1
0.072080 1
0.151764 1
0.301596 1
0.100763 1
0.243252 1
0.153356 1
0.225209 4
0.147424 4
0.152522 4
0.151792 4
0.560147 1
0.106411 1
0.219400 1
0.135935 1
0.076048 1
0.169282 1
0.089248 1
0.218850 2
0.000048 9
0.092846 8
0.000023 108
0.757294 1
0.085947 1
0.201594 1
0.087365 1
0.206640 1
0.100244 1
1.085211 2
0.000067 9
0.004789 12
1.000250 12
1.000207 12
1.000211 12
1.000253 12
5.999569 12
1.000302 12
1.000184 12
1.000244 12
1.000166 13
1.000219 116
1.284923 1
0.142374 1
0.210562 1
0.194084 1
0.465633 1
0.102919 1
0.122363 1
0.196531 1
0.234466 1
0.087127 1
0.537866 2
0.000068 9
0.003843 580
0.000610 8
0.000031 108
3.802761 11
0.000048 6
