0.204004 116
1.769938 1
0.140853 1
0.129361 1
0.231533 1
0.079172 1
0.151480 1
0.272835 1
0.711033 1
0.064718 1
0.145748 1
0.190049 1
0.167856 1
0.210830 1
0.149150 1
0.064077 1
0.207900 1
0.082338 1
0.192728 2
0.000060 9
0.095496 8
0.000030 108
0.932972 1
0.041255 1
0.107047 1
0.083611 1
0.208701 1
0.081705 1
0.254360 2
0.000042 9
0.004699 40
0.000651 25
0.000149 23
0.000038 44
1.000329 25
0.000082 23
0.000015 44
1.000342 25
0.000087 67
1.000348 92
1.000240 25
0.000028 68
1.000220 93
1.000210 68
0.000025 25
1.000339 94
1.000281 93
1.000246 93
1.000269 93
1.000254 93
1.000288 93
1.000292 93
1.000226 25
0.000028 43
0.000016 25
1.000295 25
0.000035 68
1.000280 93
1.000286 25
0.000025 65
0.000015 4
1.000308 25
0.000026 68
1.000284 93
1.000299 48
0.000020 45
1.000245 25
0.000025 68
1.000272 93
1.000274 25
0.000022 68
1.000319 25
0.000045 68
1.000359 116
0.001584 12
0.000205 8
0.000059 108
2.617986 11
0.000068 6
