0.159061 106
1.320765 1
0.167145 1
0.110308 1
0.229233 1
0.066927 1
0.226209 1
0.235264 1
0.332926 1
0.078422 1
0.218642 1
0.247136 1
0.168153 1
0.217481 1
0.141078 1
0.063167 1
0.209747 1
0.089021 1
0.439283 2
0.000069 9
0.003455 77
0.000404 64
0.000014 25
0.000499 8
0.000058 98
1.198346 1
0.075406 1
0.212147 1
2.270464 1
0.148586 1
0.044354 1
0.853694 1
0.197784 2
0.000038 9
0.000298 8
0.000021 108
0.586972 7
0.213003 22
0.746887 11
0.100571 8
0.000028 108
1.710100 112
1.911694 1
0.085330 1
0.103189 1
0.088759 1
0.223747 1
0.064113 1
0.296593 2
0.000060 9
0.005151 50
0.000203 67
0.000432 43
0.000512 8
0.000052 108
2.999154 42
1.538156 17
