0.204641 106
2.873784 1
0.167933 1
0.171390 1
0.252528 1
0.103629 1
0.193147 1
0.166929 1
0.482009 1
0.127663 1
0.238893 1
0.302682 1
0.169971 1
0.218356 1
0.181096 1
0.062948 1
0.208111 1
0.089786 1
1.073957 11
0.002253 77
0.000528 64
0.000037 25
0.000573 8
0.000027 98
1.234298 1
0.080005 1
0.322301 1
1.237691 1
0.142808 1
0.066018 1
0.987716 1
0.586439 2
0.000027 9
0.000528 8
0.000046 108
0.481448 7
0.550562 22
0.584122 2
0.000046 9
0.092094 8
0.000029 108
1.026597 1
0.041387 1
0.296763 1
0.052660 1
0.257605 1
0.063353 1
0.673162 2
0.000046 9
0.005398 81
0.000146 60
1.000277 38
0.738950 2
0.000088 58
0.000022 2
0.000054 22
0.815848 2
0.000023 60
0.000157 22
1.000146 38
0.201398 24
0.000031 60
0.988968 2
0.011246 38
0.893479 2
0.106733 38
0.603565 2
0.000022 58
0.000071 24
1.000162 38
1.000268 49
0.001663 22
1.000237 22
1.000199 22
1.000213 22
1.000190 22
1.000197 22
1.000185 22
1.000204 22
0.550080 2
0.450126 22
0.589985 2
0.410227 22
0.367703 2
0.632498 22
0.204676 2
0.795528 22
1.000262 22
0.958326 2
0.000054 22
0.002692 116
6.413973 11
0.000085 6
