0.190432 116
1.040998 1
0.166849 1
0.209114 1
0.215570 1
0.105184 1
0.168685 1
0.334088 1
0.336692 1
0.128460 1
0.190330 1
0.500449 1
0.112262 1
0.248847 1
0.122891 1
0.062925 1
0.185820 1
0.062084 1
0.232695 2
0.000064 9
0.091194 8
0.000031 108
1.149829 1
0.062195 1
0.147288 1
0.048473 1
0.229075 1
0.038576 1
0.523128 1
1.030694 1
0.424451 2
0.000024 9
0.004310 56
5.000652 15
0.001272 8
0.000068 108
2.115821 8
0.670051 4
0.696264 1
0.440066 2
0.000084 9
0.002637 56
2.000618 15
0.000570 8
0.000060 108
85.696322 112
3.096071 11
0.000065 6
