0.225197 116
1.123957 1
0.167257 1
0.170679 1
0.212696 1
0.078338 1
0.211052 1
0.278368 1
0.234267 1
0.101863 1
0.185662 1
0.333836 1
0.171528 1
0.219723 1
0.113724 1
0.066608 1
0.189135 1
0.084495 1
0.279824 2
0.000025 9
0.097784 8
0.000036 108
0.815470 1
0.041451 1
0.169733 1
0.088414 1
0.208205 1
0.092477 1
0.268439 2
0.000057 9
1.719414 2
0.000285 21
1.574812 23
1.746504 18
1.053630 18
0.736101 23
0.543594 18
0.527288 23
0.401408 1
0.607826 2
0.000025 16
4.175440 2
0.000114 2
0.000058 38
0.000307 8
0.000095 108
3.113251 11
0.000077 31
0.000198 8
0.000057 108
17.152804 1
0.168970 1
0.085461 1
0.080730 1
0.087831 1
0.120560 2
0.000055 9
0.002933 11
0.000560 8
0.000049 108
2.710462 11
0.000049 31
0.000196 8
0.000042 108
5.461502 1
0.128529 1
0.337501 1
0.141255 1
0.129077 1
0.151402 2
0.000069 9
0.033343 31
0.000068 34
0.000451 32
0.000108 30
0.000534 8
0.000030 108
9.693625 1
0.063858 1
0.247817 1
0.127918 1
0.071443 1
0.275678 15
0.260606 14
0.000055 9
0.000397 8
0.000056 108
1.370118 11
0.000020 31
0.000219 8
0.000052 108
2.671644 1
0.061554 1
0.080610 2
0.000063 9
0.000117 8
0.000983 12
0.000203 8
0.000069 108
1.664388 11
0.000068 8
0.000063 11
0.000253 8
0.000048 108
1.654366 11
0.000071 6
