0.201207 120
7.010774 1
0.177419 1
0.185396 1
0.693809 1
0.183699 1
0.448394 1
0.543690 1
0.376078 1
0.655857 1
0.103894 1
0.149752 1
0.226055 1
0.143769 1
0.235559 1
0.124990 1
0.088412 1
0.250712 1
0.065078 1
0.356146 1
0.339499 2
0.000108 9
0.089751 120
4.194421 1
0.040662 1
0.079353 1
0.088365 1
0.208242 1
0.063693 1
0.255333 1
0.352939 2
0.000083 9
2.248469 1
0.336491 1
0.270147 1
0.400946 2
1.749369 59
0.000022 28
0.000041 63
0.000048 25
32.955056 2
0.001382 2
0.000270 8
0.000053 112
2.768068 11
0.000086 6
