0.213528 120
1.478980 1
0.167256 1
0.127984 1
0.312582 1
0.150749 1
0.104574 1
0.295649 1
0.376405 1
0.143637 1
0.171295 1
0.292967 1
0.143706 1
0.240166 1
0.120389 1
0.088647 1
0.207012 1
0.103769 1
0.339139 2
0.000094 9
0.104249 8
0.000023 112
1.278232 1
0.045788 1
0.209098 1
0.080433 1
0.231205 1
0.088568 1
0.400115 2
0.000083 9
0.004738 40
0.008189 25
0.000185 67
1.000361 25
0.000115 67
1.000335 48
0.000030 45
1.000295 93
1.000247 25
0.000049 68
1.000381 48
0.000021 45
1.000327 25
0.000074 68
1.000314 25
0.000080 68
1.000302 25
0.000056 68
1.000324 25
0.000033 68
1.000339 25
0.000063 69
1.000341 25
0.000039 68
1.000359 25
0.000021 68
1.000323 25
0.000019 44
0.000021 25
1.000353 25
0.000023 68
1.000348 25
0.000073 68
1.000317 25
0.000021 68
0.000052 23
0.001432 12
0.000199 8
0.000081 112
11.997043 11
0.000046 6
