0.227846 116
1.201293 1
0.166809 1
0.272239 1
0.719121 1
0.169171 1
0.439961 1
0.294961 4
0.167548 1
0.207895 1
0.737209 1
0.038867 1
0.171894 1
0.204544 1
0.167940 1
0.216927 1
0.119249 1
0.063183 1
0.211947 1
0.083626 1
1.152760 11
0.089001 8
0.000021 108
13.216776 1
0.150275 1
0.250603 1
1.622426 4
0.168000 4
0.119227 4
0.232556 1
0.152461 1
0.120061 2
0.000062 9
0.005707 181
0.000026 143
0.000863 8
0.000033 108
10.209261 1
0.167934 1
0.260301 1
0.578637 25
0.866718 1
0.000489 32
0.699343 1
0.579622 1
0.142984 1
0.233554 1
0.214340 1
0.080843 1
0.207053 1
0.046686 1
0.289652 2
0.000070 9
0.081189 8
0.000049 108
0.719648 1
0.045585 1
0.105191 1
0.081403 1
0.190829 1
0.079207 1
0.297081 2
0.000062 9
0.103036 201
0.000918 8
0.000049 108
8.177215 6
0.168093 33
0.878948 61
0.256303 23
0.647992 20
0.671710 11
0.089100 8
0.000024 108
0.864356 1
0.062492 1
0.105693 1
0.078714 1
0.231345 1
0.039727 1
0.286191 1
0.480912 227
1.025792 1
0.000165 207
1.091039 2
0.000065 9
0.005645 24
0.001944 24
0.001059 24
0.000797 24
0.000787 24
0.000791 24
0.000702 24
0.000841 24
0.000683 24
0.002209 25
0.000852 25
0.000789 25
0.000787 25
0.000727 25
0.000855 25
0.000824 25
0.000373 25
0.000470 25
0.000929 25
0.000812 25
0.000797 25
0.000899 25
0.000935 25
0.000833 25
0.000831 25
0.000894 25
0.000816 25
0.000830 25
0.000794 25
0.000939 25
0.001688 8
0.000082 108
19.219636 11
0.000043 6
