0.229810 116
2.088854 1
0.062041 1
0.153192 11
0.005070 550
0.000055 169
0.000634 8
0.000048 108
1.291515 207
0.822180 36
0.000043 175
1.681740 1
0.513857 1
0.029668 1
0.030959 1
0.028760 1
0.032261 1
0.029651 1
0.046558 1
0.028618 1
0.032355 1
0.974298 5
0.124313 5
1.217390 2
0.000052 9
0.083787 116
2.499056 17
0.296936 224
74.548386 2
0.000047 9
0.005299 24
0.001024 24
0.000873 24
0.000878 24
0.000851 24
0.000777 24
0.002137 24
0.000850 24
0.000919 24
0.000948 25
0.000791 25
0.000718 25
0.000821 25
0.000938 25
0.000826 25
0.000897 25
0.000851 25
0.000770 25
0.000821 25
0.000753 25
0.000811 25
0.000905 25
0.000788 25
0.000775 25
0.000764 25
0.000826 25
0.000756 25
0.000782 25
0.000743 25
0.000769 25
0.001374 116
10.999124 1
0.038827 1
0.246401 1
0.050224 1
0.169286 1
0.063118 1
0.400152 2
0.000059 9
0.993162 1
0.143595 1
0.023260 1
0.145349 1
0.734372 1
0.017947 1
0.127666 1
15.304239 2
0.520245 1
0.000176 1
0.061986 1
0.129817 1
0.230450 1
0.480465 2
3.977596 1
0.062188 1
0.020074 1
0.124440 1
0.232946 1
0.000202 1
0.023116 1
0.335156 1
0.019683 1
0.060087 1
0.296940 2
6.681830 28
0.000782 8
0.000031 108
24.295792 11
0.000201 6
