0.220529 116
2.926958 1
0.136781 1
0.196738 1
0.667607 1
0.102708 1
0.209329 1
0.440995 1
1.432632 1
0.037475 1
0.240777 1
0.416150 1
0.231862 1
0.212176 1
0.541146 1
0.086825 1
0.183534 1
0.063813 1
0.197017 2
0.000029 9
0.089840 116
2.258014 17
0.255250 28
0.250452 201
1.664664 2
0.000025 9
0.004875 24
0.000943 24
0.000951 24
0.001170 24
0.001111 24
0.001391 24
0.001130 24
0.001045 24
0.001108 24
0.001190 25
0.000903 25
0.001198 25
0.000981 25
0.001413 25
0.001004 25
0.001317 25
0.001391 25
0.001201 25
0.000751 25
0.000820 25
0.000830 25
0.000848 25
0.001157 25
0.000792 25
0.001436 25
0.001217 25
0.000927 25
0.001268 25
0.000879 25
0.000966 25
0.001703 116
8.511565 1
0.103862 1
0.063852 1
0.104961 1
0.080216 1
0.400356 2
0.000051 9
0.003701 11
0.000572 8
0.000051 108
1.572700 5
0.526342 212
1.432354 36
0.000034 175
0.880182 4
0.498609 4
0.043895 4
0.029081 4
0.030587 4
0.030884 4
0.029322 4
0.046270 4
0.031013 4
0.028502 4
0.031565 4
0.029515 4
0.046454 4
0.029662 4
0.031345 4
0.032769 4
0.027034 4
0.031203 1
0.048252 1
0.026706 1
0.030278 1
0.030617 1
0.029571 1
0.045782 1
0.401942 1
0.062984 1
0.063343 1
0.063787 1
0.209343 1
0.062446 1
0.185371 2
0.000162 9
0.463296 1
0.087490 1
0.039885 1
0.168453 1
0.298506 1
0.036724 1
0.081337 1
0.296436 2
0.000105 9
0.358481 1
0.018571 1
0.111172 1
0.018054 1
0.124432 1
0.231071 1
0.401338 1
0.127133 1
0.019115 1
0.104055 1
0.127856 1
0.000251 1
0.126156 1
0.143640 2
0.000162 15
11.330219 1
0.102163 1
0.000270 1
0.128791 1
0.102044 1
0.130821 1
0.021419 1
0.082065 1
0.000214 1
0.084969 1
0.354299 2
0.000161 12
0.442247 1
0.000323 1
0.020436 1
0.108388 1
0.082994 1
0.039880 1
0.040894 1
0.000259 1
0.487129 2
0.000095 10
0.568539 1
0.183780 1
0.336588 1
0.040097 1
0.021709 1
0.129364 1
0.170253 1
0.373430 2
0.000216 9
0.504189 2
0.000544 2
0.000288 8
0.000061 108
78.771789 11
0.000061 6
