0.227362 116
1.002456 6
0.191598 15
0.337615 212
0.567403 36
0.000066 175
0.624190 1
0.502752 1
0.029077 1
0.043794 1
0.031329 1
0.029386 1
0.032491 1
0.028070 1
0.045523 1
0.030832 1
0.660231 5
0.101431 5
0.429867 2
0.000056 9
0.098262 8
0.000021 108
0.840908 1
0.038916 1
0.105538 1
0.086683 1
0.193295 1
0.078328 1
0.403497 1
0.670600 1
0.141319 1
0.195311 1
0.142085 1
0.504120 1
0.064381 1
0.359229 1
0.192662 1
0.144443 1
0.316283 1
0.483546 1
0.078794 1
0.232738 1
0.064617 1
0.254434 1
0.208916 1
0.144446 1
0.151500 1
0.208093 1
0.128867 1
4.201069 2
0.000062 9
0.011704 8
0.000023 108
31.827322 11
0.000086 6
