0.237958 116
3.159465 1
0.167708 1
0.405016 1
0.769088 1
0.106569 1
0.294812 1
0.232141 1
1.448197 1
0.063590 1
0.252272 1
0.226875 1
0.841596 1
0.218220 1
0.141692 1
0.063450 1
0.207474 1
0.063391 1
0.528888 2
0.000116 9
0.086160 116
0.353650 17
0.246915 233
0.232285 45
0.000022 175
0.423880 233
4.392430 11
0.046502 116
6.234313 1
0.063482 1
0.271969 1
0.325395 1
0.396223 1
0.117539 1
0.233756 1
0.064498 1
0.231496 1
0.064533 1
0.128549 1
0.102667 1
0.236209 2
0.000066 9
0.003508 711
0.000641 8
0.000041 108
5.599276 1
0.086964 1
0.248890 1
0.406976 1
0.354936 1
0.184038 1
0.216354 1
0.076740 1
0.274669 1
0.635224 2
0.000063 9
0.002439 23
0.000650 8
0.000063 108
1.232739 1
0.104354 1
0.232145 1
0.212194 1
0.211453 1
0.104935 1
0.274890 1
0.000204 1
0.163366 1
0.337941 4
0.167565 4
0.357830 1
0.294888 1
1.403698 1
1.239463 1
0.725904 2
0.000084 9
0.003005 9
0.000112 29
0.000680 36
0.000581 8
0.000057 108
1.709977 1
0.774771 4
0.231850 11
0.657047 1
0.271808 3
0.272159 4
0.167360 4
0.166964 4
0.530098 1
0.334875 1
0.336647 2
0.000082 9
0.002635 24
0.000578 8
0.000042 108
3.212856 1
0.105623 1
0.079022 1
0.062742 1
0.104038 1
1.641755 2
0.000094 9
0.003509 11
0.000485 8
0.000061 108
1.570119 11
0.000041 6
