0.223742 120
2.669161 3
0.183790 5
0.296740 10
0.528189 21
0.606788 24
0.209516 15
0.150259 4
0.352559 6
1.200793 1
0.398539 1
0.248120 1
0.635708 4
0.594820 1
0.161738 1
0.672048 1
0.127517 1
0.211385 1
0.204591 1
0.300087 1
0.247342 1
0.462084 1
0.090352 1
0.372578 1
0.103594 1
0.152734 1
0.504657 1
0.030215 1
0.032569 1
0.046820 1
0.029552 1
0.029163 1
0.030436 1
0.032622 1
0.028696 1
0.044200 1
0.029628 1
0.030518 1
0.031520 1
0.028782 1
0.045468 1
0.030900 1
0.030676 1
0.031591 1
0.029373 1
0.118991 9
0.143266 9
0.153524 5
0.232607 2
0.000085 9
0.107855 8
0.000024 112
37.827660 1
0.058318 1
0.125618 1
0.105473 1
0.270931 1
0.095948 1
1.294350 2
0.000070 9
0.004408 25
0.000229 24
0.000102 39
2.000655 31
0.001285 8
0.000055 112
30.716349 17
