0.225066 120
3.149220 1
0.169995 1
0.167403 1
0.543226 1
0.038043 1
0.153056 1
0.183945 1
0.719497 1
0.119861 1
0.129605 1
0.301885 1
0.265281 1
0.296800 1
0.127192 1
0.058720 1
0.277911 1
0.018111 1
0.993760 2
0.000020 9
0.100489 120
7.464212 116
346.607735 1
0.034663 1
0.169788 1
0.110864 1
0.226819 1
0.061171 1
1.073505 2
0.000044 9
0.004104 55
2.880057 1
0.523148 3
0.632424 1
0.378738 1
0.269759 1
0.298101 1
0.797346 1
0.063331 1
0.313075 1
0.000256 1
0.206666 1
0.000246 1
0.931573 2
0.000370 36
0.000109 35
0.000286 80
10.149483 1
0.529391 1
0.789327 3
0.168027 3
0.463819 1
0.026867 1
0.142419 1
0.063089 1
0.167711 1
0.738591 1
0.165169 1
0.090379 1
2.017515 1
0.843205 2
0.000350 36
0.000133 33
0.000300 80
2.785257 1
1.242514 3
1.172991 1
0.063638 1
0.279110 1
0.520771 1
0.211657 1
0.462526 1
0.102316 1
0.803198 2
0.000440 36
0.000103 29
0.000257 80
4.556800 1
0.092394 1
0.397156 1
0.422162 1
0.121548 1
0.333854 1
0.641054 2
0.000407 36
0.000134 26
0.000345 80
4.551637 1
0.085551 1
2.185924 1
1.047389 1
0.272770 2
0.000515 36
0.000058 26
0.000276 80
5.903562 1
0.103556 1
0.530275 1
0.821311 1
0.984604 2
0.000391 36
0.000157 14
0.000285 73
9.458078 1
0.105772 1
0.229840 1
0.213533 1
0.122242 1
1.504994 1
0.301375 3
0.087529 1
0.275045 2
0.000463 36
0.000026 26
0.000242 80
7.583911 1
0.052992 1
0.000196 1
0.046472 1
0.048423 1
0.104890 1
0.065464 1
0.064980 1
0.087746 1
0.367818 1
1.118235 1
0.794691 1
0.279476 1
0.183863 1
0.084912 1
0.153717 1
0.395603 2
0.000462 36
0.000307 72
2.731925 1
0.084937 1
0.161404 1
0.000219 1
0.298213 1
0.293747 1
0.066217 1
0.165833 1
0.081848 1
0.336572 2
0.000316 36
0.000320 72
4.853688 1
0.039177 1
0.154381 1
1.240697 1
0.413042 1
0.213999 1
0.458842 3
0.167315 3
0.671791 1
0.257910 1
0.775237 1
0.087139 1
0.714578 2
0.000244 36
0.000070 14
0.000219 71
9.830206 2
0.001137 2
0.000253 8
0.000058 112
5.358629 11
0.000067 6
