0.231350 120
19.937913 1
0.125812 1
1.024297 1
0.488911 1
0.585246 4
0.164227 4
0.152820 4
0.167427 4
0.248106 1
0.168120 1
0.194822 1
0.228336 1
0.082870 1
0.263609 1
0.202576 1
0.334862 1
0.149957 1
0.234016 1
0.333606 1
0.168336 1
0.235473 1
0.140059 1
0.065542 1
0.234044 1
0.067193 1
0.277415 2
0.000063 9
0.093393 120
246.099457 1
0.058674 1
0.379830 1
0.060931 1
0.256270 1
0.065647 1
0.942763 1
1.307603 1
0.060203 1
0.183295 1
0.218299 1
2.162375 1
0.083960 1
0.085355 1
0.125719 1
0.669501 1
0.041787 1
0.216129 1
2.686587 1
0.144035 1
0.490519 4
0.141208 4
0.657145 1
0.168111 1
0.119120 1
0.063855 1
0.167269 1
0.466376 1
0.268655 1
0.222121 1
0.622327 4
0.900501 1
0.299025 1
0.925998 1
0.791194 4
0.824391 1
0.183111 1
1.728854 4
0.143669 4
0.553627 1
0.206093 1
3.179497 2
0.000068 9
0.005198 42
0.002052 50
0.001007 50
0.000194 42
0.001042 8
0.000168 50
0.000149 42
0.027262 63
0.000424 32
0.000061 30
0.000334 50
0.001364 120
2.908731 116
44.951586 29
3.125139 4
0.165655 4
0.721488 1
0.145184 1
0.273512 1
1.893079 1
0.248513 1
2.882650 2
0.000090 9
0.002510 2
0.000021 40
0.002915 50
0.000297 50
0.000257 42
0.001555 8
0.000230 50
0.000223 42
0.007151 147
0.000536 50
0.000608 120
6.979948 1
0.144541 1
0.234829 1
0.693289 1
0.146105 1
0.555452 2
0.000101 9
0.005494 166
0.000712 8
0.000053 112
2.804568 5
0.252893 52
0.938916 11
0.002743 42
0.001261 50
0.000291 50
0.000221 42
0.001236 8
0.000246 50
0.000252 42
0.003058 147
0.000149 50
0.000368 8
0.000028 112
27.968115 32
0.607577 11
0.002842 42
0.001618 50
0.002342 50
0.000252 42
0.001449 8
0.000200 50
0.000199 42
0.003073 147
0.000271 50
0.000612 8
0.000020 112
7.683010 11
0.000023 6
